d:\temp\pi\aulaspi\aula 4\debug\vc142.pdb
d:\temp\pi\aulaspi\aula 4\debug\vc142.idb
d:\temp\pi - lesi\aulaspi\aula 4\debug\vc142.pdb
d:\temp\pi - lesi\aulaspi\aula 4\debug\vc142.idb
d:\temp\pi - lesi\aulaspi\aula 4\debug\funcoes.obj
d:\temp\pi - lesi\aulaspi\aula 4\debug\circunferencia.obj
d:\temp\pi - lesi\aulaspi\aula 4\debug\calculadora.obj
d:\temp\pi - lesi\aulaspi\aula 4\debug\aula 4 - estrutura.ilk
d:\temp\pi - lesi\aulaspi\debug\aula 4 - estrutura programa.pdb
d:\temp\pi - lesi\aulaspi\aula 4\debug\aula 4 -.56533eba.tlog\cl.command.1.tlog
d:\temp\pi - lesi\aulaspi\aula 4\debug\aula 4 -.56533eba.tlog\cl.read.1.tlog
d:\temp\pi - lesi\aulaspi\aula 4\debug\aula 4 -.56533eba.tlog\cl.write.1.tlog
d:\temp\pi - lesi\aulaspi\aula 4\debug\aula 4 -.56533eba.tlog\link.17828-cvtres.read.1.tlog
d:\temp\pi - lesi\aulaspi\aula 4\debug\aula 4 -.56533eba.tlog\link.17828-cvtres.write.1.tlog
d:\temp\pi - lesi\aulaspi\aula 4\debug\aula 4 -.56533eba.tlog\link.17828-rc.read.1.tlog
d:\temp\pi - lesi\aulaspi\aula 4\debug\aula 4 -.56533eba.tlog\link.17828-rc.write.1.tlog
d:\temp\pi - lesi\aulaspi\aula 4\debug\aula 4 -.56533eba.tlog\link.17828.read.1.tlog
d:\temp\pi - lesi\aulaspi\aula 4\debug\aula 4 -.56533eba.tlog\link.17828.write.1.tlog
d:\temp\pi - lesi\aulaspi\aula 4\debug\aula 4 -.56533eba.tlog\link.command.1.tlog
d:\temp\pi - lesi\aulaspi\aula 4\debug\aula 4 -.56533eba.tlog\link.read.1.tlog
d:\temp\pi - lesi\aulaspi\aula 4\debug\aula 4 -.56533eba.tlog\link.write.1.tlog
